!SESSION 2014-05-28 11:18:48.617 -----------------------------------------------
eclipse.buildId=unknown
java.version=1.8.0_05
java.vendor=Oracle Corporation
BootLoader constants: OS=win32, ARCH=x86_64, WS=win32, NL=es_ES
Framework arguments:  -application Visitas.diagram.VisitasApplication
Command-line arguments:  -application Visitas.diagram.VisitasApplication -data D:\UCM\WorkspaceModelado/../runtime-Visitas.diagram.VisitasApplication -dev file:D:/UCM/WorkspaceModelado/.metadata/.plugins/org.eclipse.pde.core/Visitas.diagram.VisitasApplication/dev.properties -os win32 -ws win32 -arch x86_64 -consoleLog

!ENTRY org.eclipse.osgi 2 0 2014-05-28 11:18:52.139
!MESSAGE The activator visitas.diagram.part.VisitasDiagramEditorPlugin for bundle Visitas.diagram is invalid
!STACK 0
org.osgi.framework.BundleException: The activator visitas.diagram.part.VisitasDiagramEditorPlugin for bundle Visitas.diagram is invalid
	at org.eclipse.osgi.framework.internal.core.AbstractBundle.loadBundleActivator(AbstractBundle.java:172)
	at org.eclipse.osgi.framework.internal.core.BundleContextImpl.start(BundleContextImpl.java:679)
	at org.eclipse.osgi.framework.internal.core.BundleHost.startWorker(BundleHost.java:381)
	at org.eclipse.osgi.framework.internal.core.AbstractBundle.start(AbstractBundle.java:300)
	at org.eclipse.osgi.framework.util.SecureAction.start(SecureAction.java:478)
	at org.eclipse.osgi.internal.loader.BundleLoader.setLazyTrigger(BundleLoader.java:263)
	at org.eclipse.osgi.framework.internal.core.BundleHost.loadClass(BundleHost.java:236)
	at org.eclipse.osgi.framework.internal.core.AbstractBundle.loadClass(AbstractBundle.java:1212)
	at org.eclipse.core.internal.registry.osgi.RegistryStrategyOSGI.createExecutableExtension(RegistryStrategyOSGI.java:174)
	at org.eclipse.core.internal.registry.ExtensionRegistry.createExecutableExtension(ExtensionRegistry.java:905)
	at org.eclipse.core.internal.registry.ConfigurationElement.createExecutableExtension(ConfigurationElement.java:243)
	at org.eclipse.core.internal.registry.ConfigurationElementHandle.createExecutableExtension(ConfigurationElementHandle.java:55)
	at org.eclipse.equinox.internal.app.EclipseAppHandle.run(EclipseAppHandle.java:191)
	at org.eclipse.core.runtime.internal.adaptor.EclipseAppLauncher.runApplication(EclipseAppLauncher.java:110)
	at org.eclipse.core.runtime.internal.adaptor.EclipseAppLauncher.start(EclipseAppLauncher.java:79)
	at org.eclipse.core.runtime.adaptor.EclipseStarter.run(EclipseStarter.java:354)
	at org.eclipse.core.runtime.adaptor.EclipseStarter.run(EclipseStarter.java:181)
	at sun.reflect.NativeMethodAccessorImpl.invoke0(Native Method)
	at sun.reflect.NativeMethodAccessorImpl.invoke(Unknown Source)
	at sun.reflect.DelegatingMethodAccessorImpl.invoke(Unknown Source)
	at java.lang.reflect.Method.invoke(Unknown Source)
	at org.eclipse.equinox.launcher.Main.invokeFramework(Main.java:636)
	at org.eclipse.equinox.launcher.Main.basicRun(Main.java:591)
	at org.eclipse.equinox.launcher.Main.run(Main.java:1450)
	at org.eclipse.equinox.launcher.Main.main(Main.java:1426)
Caused by: java.lang.ClassNotFoundException: visitas.diagram.part.VisitasDiagramEditorPlugin cannot be found by Visitas.diagram_1.0.0.qualifier
	at org.eclipse.osgi.internal.loader.BundleLoader.findClassInternal(BundleLoader.java:501)
	at org.eclipse.osgi.internal.loader.BundleLoader.findClass(BundleLoader.java:421)
	at org.eclipse.osgi.internal.loader.BundleLoader.findClass(BundleLoader.java:412)
	at org.eclipse.osgi.internal.baseadaptor.DefaultClassLoader.loadClass(DefaultClassLoader.java:107)
	at java.lang.ClassLoader.loadClass(Unknown Source)
	at org.eclipse.osgi.internal.loader.BundleLoader.loadClass(BundleLoader.java:340)
	at org.eclipse.osgi.framework.internal.core.BundleHost.loadClass(BundleHost.java:229)
	at org.eclipse.osgi.framework.internal.core.AbstractBundle.loadBundleActivator(AbstractBundle.java:165)
	... 24 more
Root exception:
java.lang.ClassNotFoundException: visitas.diagram.part.VisitasDiagramEditorPlugin cannot be found by Visitas.diagram_1.0.0.qualifier
	at org.eclipse.osgi.internal.loader.BundleLoader.findClassInternal(BundleLoader.java:501)
	at org.eclipse.osgi.internal.loader.BundleLoader.findClass(BundleLoader.java:421)
	at org.eclipse.osgi.internal.loader.BundleLoader.findClass(BundleLoader.java:412)
	at org.eclipse.osgi.internal.baseadaptor.DefaultClassLoader.loadClass(DefaultClassLoader.java:107)
	at java.lang.ClassLoader.loadClass(Unknown Source)
	at org.eclipse.osgi.internal.loader.BundleLoader.loadClass(BundleLoader.java:340)
	at org.eclipse.osgi.framework.internal.core.BundleHost.loadClass(BundleHost.java:229)
	at org.eclipse.osgi.framework.internal.core.AbstractBundle.loadBundleActivator(AbstractBundle.java:165)
	at org.eclipse.osgi.framework.internal.core.BundleContextImpl.start(BundleContextImpl.java:679)
	at org.eclipse.osgi.framework.internal.core.BundleHost.startWorker(BundleHost.java:381)
	at org.eclipse.osgi.framework.internal.core.AbstractBundle.start(AbstractBundle.java:300)
	at org.eclipse.osgi.framework.util.SecureAction.start(SecureAction.java:478)
	at org.eclipse.osgi.internal.loader.BundleLoader.setLazyTrigger(BundleLoader.java:263)
	at org.eclipse.osgi.framework.internal.core.BundleHost.loadClass(BundleHost.java:236)
	at org.eclipse.osgi.framework.internal.core.AbstractBundle.loadClass(AbstractBundle.java:1212)
	at org.eclipse.core.internal.registry.osgi.RegistryStrategyOSGI.createExecutableExtension(RegistryStrategyOSGI.java:174)
	at org.eclipse.core.internal.registry.ExtensionRegistry.createExecutableExtension(ExtensionRegistry.java:905)
	at org.eclipse.core.internal.registry.ConfigurationElement.createExecutableExtension(ConfigurationElement.java:243)
	at org.eclipse.core.internal.registry.ConfigurationElementHandle.createExecutableExtension(ConfigurationElementHandle.java:55)
	at org.eclipse.equinox.internal.app.EclipseAppHandle.run(EclipseAppHandle.java:191)
	at org.eclipse.core.runtime.internal.adaptor.EclipseAppLauncher.runApplication(EclipseAppLauncher.java:110)
	at org.eclipse.core.runtime.internal.adaptor.EclipseAppLauncher.start(EclipseAppLauncher.java:79)
	at org.eclipse.core.runtime.adaptor.EclipseStarter.run(EclipseStarter.java:354)
	at org.eclipse.core.runtime.adaptor.EclipseStarter.run(EclipseStarter.java:181)
	at sun.reflect.NativeMethodAccessorImpl.invoke0(Native Method)
	at sun.reflect.NativeMethodAccessorImpl.invoke(Unknown Source)
	at sun.reflect.DelegatingMethodAccessorImpl.invoke(Unknown Source)
	at java.lang.reflect.Method.invoke(Unknown Source)
	at org.eclipse.equinox.launcher.Main.invokeFramework(Main.java:636)
	at org.eclipse.equinox.launcher.Main.basicRun(Main.java:591)
	at org.eclipse.equinox.launcher.Main.run(Main.java:1450)
	at org.eclipse.equinox.launcher.Main.main(Main.java:1426)

!ENTRY org.eclipse.osgi 4 0 2014-05-28 11:18:52.280
!MESSAGE Application error
!STACK 1
org.eclipse.core.runtime.CoreException: Plug-in Visitas.diagram was unable to load class visitas.diagram.application.VisitasApplication.
	at org.eclipse.core.internal.registry.osgi.RegistryStrategyOSGI.throwException(RegistryStrategyOSGI.java:194)
	at org.eclipse.core.internal.registry.osgi.RegistryStrategyOSGI.createExecutableExtension(RegistryStrategyOSGI.java:176)
	at org.eclipse.core.internal.registry.ExtensionRegistry.createExecutableExtension(ExtensionRegistry.java:905)
	at org.eclipse.core.internal.registry.ConfigurationElement.createExecutableExtension(ConfigurationElement.java:243)
	at org.eclipse.core.internal.registry.ConfigurationElementHandle.createExecutableExtension(ConfigurationElementHandle.java:55)
	at org.eclipse.equinox.internal.app.EclipseAppHandle.run(EclipseAppHandle.java:191)
	at org.eclipse.core.runtime.internal.adaptor.EclipseAppLauncher.runApplication(EclipseAppLauncher.java:110)
	at org.eclipse.core.runtime.internal.adaptor.EclipseAppLauncher.start(EclipseAppLauncher.java:79)
	at org.eclipse.core.runtime.adaptor.EclipseStarter.run(EclipseStarter.java:354)
	at org.eclipse.core.runtime.adaptor.EclipseStarter.run(EclipseStarter.java:181)
	at sun.reflect.NativeMethodAccessorImpl.invoke0(Native Method)
	at sun.reflect.NativeMethodAccessorImpl.invoke(Unknown Source)
	at sun.reflect.DelegatingMethodAccessorImpl.invoke(Unknown Source)
	at java.lang.reflect.Method.invoke(Unknown Source)
	at org.eclipse.equinox.launcher.Main.invokeFramework(Main.java:636)
	at org.eclipse.equinox.launcher.Main.basicRun(Main.java:591)
	at org.eclipse.equinox.launcher.Main.run(Main.java:1450)
	at org.eclipse.equinox.launcher.Main.main(Main.java:1426)
Caused by: java.lang.ClassNotFoundException: visitas.diagram.application.VisitasApplication cannot be found by Visitas.diagram_1.0.0.qualifier
	at org.eclipse.osgi.internal.loader.BundleLoader.findClassInternal(BundleLoader.java:501)
	at org.eclipse.osgi.internal.loader.BundleLoader.findClass(BundleLoader.java:421)
	at org.eclipse.osgi.internal.loader.BundleLoader.findClass(BundleLoader.java:412)
	at org.eclipse.osgi.internal.baseadaptor.DefaultClassLoader.loadClass(DefaultClassLoader.java:107)
	at java.lang.ClassLoader.loadClass(Unknown Source)
	at org.eclipse.osgi.internal.loader.BundleLoader.loadClass(BundleLoader.java:340)
	at org.eclipse.osgi.framework.internal.core.BundleHost.loadClass(BundleHost.java:229)
	at org.eclipse.osgi.framework.internal.core.AbstractBundle.loadClass(AbstractBundle.java:1212)
	at org.eclipse.core.internal.registry.osgi.RegistryStrategyOSGI.createExecutableExtension(RegistryStrategyOSGI.java:174)
	... 16 more
